<?xml version="1.0" encoding="UTF-8"?>
<testng-results ignored="0" total="2" passed="2" failed="0" skipped="0">
  <reporter-output>
  </reporter-output>
  <suite started-at="2020-11-15T20:59:34 EST" name="Default suite" finished-at="2020-11-15T20:59:44 EST" duration-ms="10478">
    <groups>
    </groups>
    <test started-at="2020-11-15T20:59:34 EST" name="Default test" finished-at="2020-11-15T20:59:44 EST" duration-ms="10478">
      <class name="zephyrJira.ZephyrJira">
        <test-method is-config="true" signature="setupTest()[pri:0, instance:zephyrJira.ZephyrJira@60015ef5]" started-at="2020-11-15T20:59:34 EST" name="setupTest" finished-at="2020-11-15T20:59:35 EST" duration-ms="1487" status="PASS">
          <reporter-output>
          </reporter-output>
        </test-method> <!-- setupTest -->
        <test-method is-config="true" signature="setupClass()[pri:0, instance:zephyrJira.ZephyrJira@60015ef5]" started-at="2020-11-15T20:59:35 EST" name="setupClass" finished-at="2020-11-15T20:59:36 EST" duration-ms="205" status="PASS">
          <reporter-output>
          </reporter-output>
        </test-method> <!-- setupClass -->
        <test-method signature="getMsn()[pri:0, instance:zephyrJira.ZephyrJira@60015ef5]" started-at="2020-11-15T20:59:36 EST" name="getMsn" finished-at="2020-11-15T20:59:39 EST" duration-ms="3706" status="PASS">
          <reporter-output>
          </reporter-output>
        </test-method> <!-- getMsn -->
        <test-method is-config="true" signature="setupClass()[pri:0, instance:zephyrJira.ZephyrJira@60015ef5]" started-at="2020-11-15T20:59:39 EST" name="setupClass" finished-at="2020-11-15T20:59:39 EST" duration-ms="9" status="PASS">
          <reporter-output>
          </reporter-output>
        </test-method> <!-- setupClass -->
        <test-method signature="getYahoo()[pri:0, instance:zephyrJira.ZephyrJira@60015ef5]" started-at="2020-11-15T20:59:39 EST" name="getYahoo" finished-at="2020-11-15T20:59:44 EST" duration-ms="4891" status="PASS">
          <reporter-output>
          </reporter-output>
        </test-method> <!-- getYahoo -->
        <test-method is-config="true" signature="teardown()[pri:0, instance:zephyrJira.ZephyrJira@60015ef5]" started-at="2020-11-15T20:59:44 EST" name="teardown" finished-at="2020-11-15T20:59:44 EST" duration-ms="153" status="PASS">
          <reporter-output>
          </reporter-output>
        </test-method> <!-- teardown -->
      </class> <!-- zephyrJira.ZephyrJira -->
    </test> <!-- Default test -->
  </suite> <!-- Default suite -->
</testng-results>
